<?xml version="1.0" encoding="UTF-8"?>
<coverage generated="1513779350120" clover="3.2.0">
  <project timestamp="1513779350121" name="All files">
    <metrics statements="26" coveredstatements="23" conditionals="0" coveredconditionals="0" methods="8" coveredmethods="5" elements="34" coveredelements="28" complexity="0" loc="26" ncloc="26" packages="1" files="1" classes="1">
      <file name="chatServer.js" path="/home/yooo/dbwebb-kurser/ramverk2/me/module/chatServer.js">
        <metrics statements="26" coveredstatements="23" conditionals="0" coveredconditionals="0" methods="8" coveredmethods="5"/>
        <line num="1" count="1" type="stmt"/>
        <line num="5" count="1" type="stmt"/>
        <line num="6" count="1" type="stmt"/>
        <line num="8" count="1" type="stmt"/>
        <line num="9" count="1" type="stmt"/>
        <line num="10" count="1" type="stmt"/>
        <line num="12" count="1" type="stmt"/>
        <line num="14" count="1" type="stmt"/>
        <line num="15" count="1" type="stmt"/>
        <line num="19" count="1" type="stmt"/>
        <line num="23" count="0" type="stmt"/>
        <line num="27" count="0" type="stmt"/>
        <line num="31" count="0" type="stmt"/>
        <line num="35" count="1" type="stmt"/>
        <line num="36" count="1" type="stmt"/>
        <line num="37" count="1" type="stmt"/>
        <line num="38" count="1" type="stmt"/>
        <line num="39" count="1" type="stmt"/>
        <line num="43" count="2" type="stmt"/>
        <line num="44" count="2" type="stmt"/>
        <line num="46" count="2" type="stmt"/>
        <line num="47" count="2" type="stmt"/>
        <line num="48" count="2" type="stmt"/>
        <line num="49" count="2" type="stmt"/>
        <line num="50" count="1" type="stmt"/>
        <line num="55" count="1" type="stmt"/>
      </file>
    </metrics>
  </project>
</coverage>
